  Animation.cpp
C:\Users\rlatbi\Desktop\2019\usoJANKEN\usoJankenTools\usoJankenTools\usoJanken\usoJanken\usoJanken\Animation.cpp(10,38): warning C4244:  '=' : conversion de 'float' en 'T', perte possible de données
C:\Users\rlatbi\Desktop\2019\usoJANKEN\usoJankenTools\usoJankenTools\usoJanken\usoJanken\usoJanken\Animation.cpp(10,38): warning C4244:         with
C:\Users\rlatbi\Desktop\2019\usoJANKEN\usoJankenTools\usoJankenTools\usoJanken\usoJanken\usoJanken\Animation.cpp(10,38): warning C4244:         [
C:\Users\rlatbi\Desktop\2019\usoJANKEN\usoJankenTools\usoJankenTools\usoJanken\usoJanken\usoJanken\Animation.cpp(10,38): warning C4244:             T=int
C:\Users\rlatbi\Desktop\2019\usoJANKEN\usoJankenTools\usoJankenTools\usoJanken\usoJanken\usoJanken\Animation.cpp(10,38): warning C4244:         ]
  Attaque.cpp
  Character.cpp
  GameModel.cpp
C:\Users\rlatbi\Desktop\2019\usoJANKEN\usoJankenTools\usoJankenTools\usoJanken\usoJanken\usoJanken\Animation.cpp(11,39): warning C4244:  '=' : conversion de 'float' en 'T', perte possible de données
C:\Users\rlatbi\Desktop\2019\usoJANKEN\usoJankenTools\usoJankenTools\usoJanken\usoJanken\usoJanken\Animation.cpp(11,39): warning C4244:         with
C:\Users\rlatbi\Desktop\2019\usoJANKEN\usoJankenTools\usoJankenTools\usoJanken\usoJanken\usoJanken\Animation.cpp(11,39): warning C4244:         [
C:\Users\rlatbi\Desktop\2019\usoJANKEN\usoJankenTools\usoJankenTools\usoJanken\usoJanken\usoJanken\Animation.cpp(11,39): warning C4244:             T=int
C:\Users\rlatbi\Desktop\2019\usoJANKEN\usoJankenTools\usoJankenTools\usoJanken\usoJanken\usoJanken\Animation.cpp(11,39): warning C4244:         ]
C:\Users\rlatbi\Desktop\2019\usoJANKEN\usoJankenTools\usoJankenTools\usoJanken\usoJanken\usoJanken\Util.h(358,46): warning C4244:  '=' : conversion de 'double' en 'float', perte possible de données
C:\Users\rlatbi\Desktop\2019\usoJANKEN\usoJankenTools\usoJankenTools\usoJanken\usoJanken\usoJanken\Util.h(359,46): warning C4244:  '=' : conversion de 'double' en 'float', perte possible de données
C:\Users\rlatbi\Desktop\2019\usoJANKEN\usoJankenTools\usoJankenTools\usoJanken\usoJanken\usoJanken\Util.h(360,46): warning C4244:  '=' : conversion de 'double' en 'float', perte possible de données
C:\Users\rlatbi\Desktop\2019\usoJANKEN\usoJankenTools\usoJankenTools\usoJanken\usoJanken\usoJanken\GameModel.cpp(180,34): warning C4244:  '=' : conversion de 'int' en 'float', perte possible de données
C:\Users\rlatbi\Desktop\2019\usoJANKEN\usoJankenTools\usoJankenTools\usoJanken\usoJanken\usoJanken\GameModel.cpp(180,73): warning C4244:  '=' : conversion de 'int' en 'float', perte possible de données
C:\Users\rlatbi\Desktop\2019\usoJANKEN\usoJankenTools\usoJankenTools\usoJanken\usoJanken\usoJanken\GameModel.cpp(187,62): warning C4244:  '=' : conversion de 'int' en 'float', perte possible de données
C:\Users\rlatbi\Desktop\2019\usoJANKEN\usoJankenTools\usoJankenTools\usoJanken\usoJanken\usoJanken\GameModel.cpp(187,101): warning C4244:  '=' : conversion de 'int' en 'float', perte possible de données
C:\Users\rlatbi\Desktop\2019\usoJANKEN\usoJankenTools\usoJankenTools\usoJanken\usoJanken\usoJanken\GameModel.cpp(194,39): warning C4244:  '=' : conversion de 'int' en 'float', perte possible de données
C:\Users\rlatbi\Desktop\2019\usoJANKEN\usoJankenTools\usoJankenTools\usoJanken\usoJanken\usoJanken\GameModel.cpp(194,74): warning C4244:  '=' : conversion de 'int' en 'float', perte possible de données
C:\Users\rlatbi\Desktop\2019\usoJANKEN\usoJankenTools\usoJankenTools\usoJanken\usoJanken\usoJanken\GameModel.cpp(201,39): warning C4244:  '=' : conversion de 'int' en 'float', perte possible de données
  GameView.cpp
C:\Users\rlatbi\Desktop\2019\usoJANKEN\usoJankenTools\usoJankenTools\usoJanken\usoJanken\usoJanken\GameModel.cpp(201,102): warning C4244:  '=' : conversion de 'int' en 'float', perte possible de données
C:\Users\rlatbi\Desktop\2019\usoJANKEN\usoJankenTools\usoJankenTools\usoJanken\usoJanken\usoJanken\Util.h(358,46): warning C4244:  '=' : conversion de 'double' en 'float', perte possible de données
C:\Users\rlatbi\Desktop\2019\usoJANKEN\usoJankenTools\usoJankenTools\usoJanken\usoJanken\usoJanken\Util.h(359,46): warning C4244:  '=' : conversion de 'double' en 'float', perte possible de données
C:\Users\rlatbi\Desktop\2019\usoJANKEN\usoJankenTools\usoJankenTools\usoJanken\usoJanken\usoJanken\Util.h(360,46): warning C4244:  '=' : conversion de 'double' en 'float', perte possible de données
C:\Users\rlatbi\Desktop\2019\usoJANKEN\usoJankenTools\usoJankenTools\usoJanken\usoJanken\usoJanken\GameView.cpp(80,46): warning C4244:  '=' : conversion de 'int' en 'T', perte possible de données
C:\Users\rlatbi\Desktop\2019\usoJANKEN\usoJankenTools\usoJankenTools\usoJanken\usoJanken\usoJanken\GameView.cpp(80,46): warning C4244:         with
C:\Users\rlatbi\Desktop\2019\usoJANKEN\usoJankenTools\usoJankenTools\usoJanken\usoJanken\usoJanken\GameView.cpp(80,46): warning C4244:         [
C:\Users\rlatbi\Desktop\2019\usoJANKEN\usoJankenTools\usoJankenTools\usoJanken\usoJanken\usoJanken\GameView.cpp(80,46): warning C4244:             T=float
C:\Users\rlatbi\Desktop\2019\usoJANKEN\usoJankenTools\usoJankenTools\usoJanken\usoJanken\usoJanken\GameView.cpp(80,46): warning C4244:         ]
C:\Users\rlatbi\Desktop\2019\usoJANKEN\usoJankenTools\usoJankenTools\usoJanken\usoJanken\usoJanken\GameView.cpp(81,41): warning C4244:  '=' : conversion de 'int' en 'T', perte possible de données
C:\Users\rlatbi\Desktop\2019\usoJANKEN\usoJankenTools\usoJankenTools\usoJanken\usoJanken\usoJanken\GameView.cpp(81,41): warning C4244:         with
C:\Users\rlatbi\Desktop\2019\usoJANKEN\usoJankenTools\usoJankenTools\usoJanken\usoJanken\usoJanken\GameView.cpp(81,41): warning C4244:         [
C:\Users\rlatbi\Desktop\2019\usoJANKEN\usoJankenTools\usoJankenTools\usoJanken\usoJanken\usoJanken\GameView.cpp(81,41): warning C4244:             T=float
C:\Users\rlatbi\Desktop\2019\usoJANKEN\usoJankenTools\usoJankenTools\usoJanken\usoJanken\usoJanken\GameView.cpp(81,41): warning C4244:         ]
C:\Users\rlatbi\Desktop\2019\usoJANKEN\usoJankenTools\usoJankenTools\usoJanken\usoJanken\usoJanken\GameView.cpp(127,34): warning C4244:  '=' : conversion de 'int' en 'float', perte possible de données
C:\Users\rlatbi\Desktop\2019\usoJANKEN\usoJankenTools\usoJankenTools\usoJanken\usoJanken\usoJanken\GameView.cpp(127,73): warning C4244:  '=' : conversion de 'int' en 'float', perte possible de données
C:\Users\rlatbi\Desktop\2019\usoJANKEN\usoJankenTools\usoJankenTools\usoJanken\usoJanken\usoJanken\GameView.cpp(134,62): warning C4244:  '=' : conversion de 'int' en 'float', perte possible de données
C:\Users\rlatbi\Desktop\2019\usoJANKEN\usoJankenTools\usoJankenTools\usoJanken\usoJanken\usoJanken\GameView.cpp(134,101): warning C4244:  '=' : conversion de 'int' en 'float', perte possible de données
C:\Users\rlatbi\Desktop\2019\usoJANKEN\usoJankenTools\usoJankenTools\usoJanken\usoJanken\usoJanken\GameView.cpp(141,39): warning C4244:  '=' : conversion de 'int' en 'float', perte possible de données
C:\Users\rlatbi\Desktop\2019\usoJANKEN\usoJankenTools\usoJankenTools\usoJanken\usoJanken\usoJanken\GameView.cpp(141,74): warning C4244:  '=' : conversion de 'int' en 'float', perte possible de données
C:\Users\rlatbi\Desktop\2019\usoJANKEN\usoJankenTools\usoJankenTools\usoJanken\usoJanken\usoJanken\GameView.cpp(148,39): warning C4244:  '=' : conversion de 'int' en 'float', perte possible de données
C:\Users\rlatbi\Desktop\2019\usoJANKEN\usoJankenTools\usoJankenTools\usoJanken\usoJanken\usoJanken\GameView.cpp(148,102): warning C4244:  '=' : conversion de 'int' en 'float', perte possible de données
C:\Users\rlatbi\Desktop\2019\usoJANKEN\usoJankenTools\usoJankenTools\usoJanken\usoJanken\usoJanken\GameView.cpp(159,75): warning C4244:  'argument' : conversion de 'float' en 'int', perte possible de données
C:\Users\rlatbi\Desktop\2019\usoJANKEN\usoJankenTools\usoJankenTools\usoJanken\usoJanken\usoJanken\GameView.cpp(159,60): warning C4244:  'argument' : conversion de 'float' en 'int', perte possible de données
C:\Users\rlatbi\Desktop\2019\usoJANKEN\usoJankenTools\usoJankenTools\usoJanken\usoJanken\usoJanken\GameView.cpp(160,79): warning C4244:  'argument' : conversion de 'float' en 'int', perte possible de données
C:\Users\rlatbi\Desktop\2019\usoJANKEN\usoJankenTools\usoJankenTools\usoJanken\usoJanken\usoJanken\GameView.cpp(160,64): warning C4244:  'argument' : conversion de 'float' en 'int', perte possible de données
C:\Users\rlatbi\Desktop\2019\usoJANKEN\usoJankenTools\usoJankenTools\usoJanken\usoJanken\usoJanken\GameView.cpp(161,75): warning C4244:  'argument' : conversion de 'float' en 'int', perte possible de données
C:\Users\rlatbi\Desktop\2019\usoJANKEN\usoJankenTools\usoJankenTools\usoJanken\usoJanken\usoJanken\GameView.cpp(161,60): warning C4244:  'argument' : conversion de 'float' en 'int', perte possible de données
C:\Users\rlatbi\Desktop\2019\usoJANKEN\usoJankenTools\usoJankenTools\usoJanken\usoJanken\usoJanken\GameView.cpp(171,20): warning C4018:  '<' : incompatibilité signed/unsigned
C:\Users\rlatbi\Desktop\2019\usoJANKEN\usoJankenTools\usoJankenTools\usoJanken\usoJanken\usoJanken\GameView.cpp(189,34): warning C4244:  'argument' : conversion de 'float' en 'T', perte possible de données
C:\Users\rlatbi\Desktop\2019\usoJANKEN\usoJankenTools\usoJankenTools\usoJanken\usoJanken\usoJanken\GameView.cpp(189,34): warning C4244:         with
C:\Users\rlatbi\Desktop\2019\usoJANKEN\usoJankenTools\usoJankenTools\usoJanken\usoJanken\usoJanken\GameView.cpp(189,34): warning C4244:         [
C:\Users\rlatbi\Desktop\2019\usoJANKEN\usoJankenTools\usoJankenTools\usoJanken\usoJanken\usoJanken\GameView.cpp(189,34): warning C4244:             T=int
C:\Users\rlatbi\Desktop\2019\usoJANKEN\usoJankenTools\usoJankenTools\usoJanken\usoJanken\usoJanken\GameView.cpp(189,34): warning C4244:         ]
C:\Users\rlatbi\Desktop\2019\usoJANKEN\usoJankenTools\usoJankenTools\usoJanken\usoJanken\usoJanken\GameView.cpp(189,19): warning C4244:  'argument' : conversion de 'float' en 'T', perte possible de données
C:\Users\rlatbi\Desktop\2019\usoJANKEN\usoJankenTools\usoJankenTools\usoJanken\usoJanken\usoJanken\GameView.cpp(189,19): warning C4244:         with
C:\Users\rlatbi\Desktop\2019\usoJANKEN\usoJankenTools\usoJankenTools\usoJanken\usoJanken\usoJanken\GameView.cpp(189,19): warning C4244:         [
C:\Users\rlatbi\Desktop\2019\usoJANKEN\usoJankenTools\usoJankenTools\usoJanken\usoJanken\usoJanken\GameView.cpp(189,19): warning C4244:             T=int
C:\Users\rlatbi\Desktop\2019\usoJANKEN\usoJankenTools\usoJankenTools\usoJanken\usoJanken\usoJanken\GameView.cpp(189,19): warning C4244:         ]
C:\Users\rlatbi\Desktop\2019\usoJANKEN\usoJankenTools\usoJankenTools\usoJanken\usoJanken\usoJanken\GameView.cpp(214,84): warning C4244:  'argument' : conversion de 'T' en 'float', perte possible de données
C:\Users\rlatbi\Desktop\2019\usoJANKEN\usoJankenTools\usoJankenTools\usoJanken\usoJanken\usoJanken\GameView.cpp(214,84): warning C4244:         with
C:\Users\rlatbi\Desktop\2019\usoJANKEN\usoJankenTools\usoJankenTools\usoJanken\usoJanken\usoJanken\GameView.cpp(214,84): warning C4244:         [
C:\Users\rlatbi\Desktop\2019\usoJANKEN\usoJankenTools\usoJankenTools\usoJanken\usoJanken\usoJanken\GameView.cpp(214,84): warning C4244:             T=int
C:\Users\rlatbi\Desktop\2019\usoJANKEN\usoJankenTools\usoJankenTools\usoJanken\usoJanken\usoJanken\GameView.cpp(214,84): warning C4244:         ]
C:\Users\rlatbi\Desktop\2019\usoJANKEN\usoJankenTools\usoJankenTools\usoJanken\usoJanken\usoJanken\GameView.cpp(214,66): warning C4244:  'argument' : conversion de 'T' en 'float', perte possible de données
C:\Users\rlatbi\Desktop\2019\usoJANKEN\usoJankenTools\usoJankenTools\usoJanken\usoJanken\usoJanken\GameView.cpp(214,66): warning C4244:         with
C:\Users\rlatbi\Desktop\2019\usoJANKEN\usoJankenTools\usoJankenTools\usoJanken\usoJanken\usoJanken\GameView.cpp(214,66): warning C4244:         [
C:\Users\rlatbi\Desktop\2019\usoJANKEN\usoJankenTools\usoJankenTools\usoJanken\usoJanken\usoJanken\GameView.cpp(214,66): warning C4244:             T=int
C:\Users\rlatbi\Desktop\2019\usoJANKEN\usoJankenTools\usoJankenTools\usoJanken\usoJanken\usoJanken\GameView.cpp(214,66): warning C4244:         ]
C:\Users\rlatbi\Desktop\2019\usoJANKEN\usoJankenTools\usoJankenTools\usoJanken\usoJanken\usoJanken\GameView.cpp(215,88): warning C4244:  'argument' : conversion de 'T' en 'float', perte possible de données
C:\Users\rlatbi\Desktop\2019\usoJANKEN\usoJankenTools\usoJankenTools\usoJanken\usoJanken\usoJanken\GameView.cpp(215,88): warning C4244:         with
C:\Users\rlatbi\Desktop\2019\usoJANKEN\usoJankenTools\usoJankenTools\usoJanken\usoJanken\usoJanken\GameView.cpp(215,88): warning C4244:         [
C:\Users\rlatbi\Desktop\2019\usoJANKEN\usoJankenTools\usoJankenTools\usoJanken\usoJanken\usoJanken\GameView.cpp(215,88): warning C4244:             T=int
C:\Users\rlatbi\Desktop\2019\usoJANKEN\usoJankenTools\usoJankenTools\usoJanken\usoJanken\usoJanken\GameView.cpp(215,88): warning C4244:         ]
C:\Users\rlatbi\Desktop\2019\usoJANKEN\usoJankenTools\usoJankenTools\usoJanken\usoJanken\usoJanken\GameView.cpp(215,70): warning C4244:  'argument' : conversion de 'T' en 'float', perte possible de données
C:\Users\rlatbi\Desktop\2019\usoJANKEN\usoJankenTools\usoJankenTools\usoJanken\usoJanken\usoJanken\GameView.cpp(215,70): warning C4244:         with
C:\Users\rlatbi\Desktop\2019\usoJANKEN\usoJankenTools\usoJankenTools\usoJanken\usoJanken\usoJanken\GameView.cpp(215,70): warning C4244:         [
C:\Users\rlatbi\Desktop\2019\usoJANKEN\usoJankenTools\usoJankenTools\usoJanken\usoJanken\usoJanken\GameView.cpp(215,70): warning C4244:             T=int
C:\Users\rlatbi\Desktop\2019\usoJANKEN\usoJankenTools\usoJankenTools\usoJanken\usoJanken\usoJanken\GameView.cpp(215,70): warning C4244:         ]
C:\Users\rlatbi\Desktop\2019\usoJANKEN\usoJankenTools\usoJankenTools\usoJanken\usoJanken\usoJanken\GameView.cpp(216,90): warning C4244:  'argument' : conversion de 'T' en 'float', perte possible de données
C:\Users\rlatbi\Desktop\2019\usoJANKEN\usoJankenTools\usoJankenTools\usoJanken\usoJanken\usoJanken\GameView.cpp(216,90): warning C4244:         with
C:\Users\rlatbi\Desktop\2019\usoJANKEN\usoJankenTools\usoJankenTools\usoJanken\usoJanken\usoJanken\GameView.cpp(216,90): warning C4244:         [
C:\Users\rlatbi\Desktop\2019\usoJANKEN\usoJankenTools\usoJankenTools\usoJanken\usoJanken\usoJanken\GameView.cpp(216,90): warning C4244:             T=int
C:\Users\rlatbi\Desktop\2019\usoJANKEN\usoJankenTools\usoJankenTools\usoJanken\usoJanken\usoJanken\GameView.cpp(216,90): warning C4244:         ]
C:\Users\rlatbi\Desktop\2019\usoJANKEN\usoJankenTools\usoJankenTools\usoJanken\usoJanken\usoJanken\GameView.cpp(216,72): warning C4244:  'argument' : conversion de 'T' en 'float', perte possible de données
C:\Users\rlatbi\Desktop\2019\usoJANKEN\usoJankenTools\usoJankenTools\usoJanken\usoJanken\usoJanken\GameView.cpp(216,72): warning C4244:         with
C:\Users\rlatbi\Desktop\2019\usoJANKEN\usoJankenTools\usoJankenTools\usoJanken\usoJanken\usoJanken\GameView.cpp(216,72): warning C4244:         [
C:\Users\rlatbi\Desktop\2019\usoJANKEN\usoJankenTools\usoJankenTools\usoJanken\usoJanken\usoJanken\GameView.cpp(216,72): warning C4244:             T=int
C:\Users\rlatbi\Desktop\2019\usoJANKEN\usoJankenTools\usoJankenTools\usoJanken\usoJanken\usoJanken\GameView.cpp(216,72): warning C4244:         ]
C:\Users\rlatbi\Desktop\2019\usoJANKEN\usoJankenTools\usoJankenTools\usoJanken\usoJanken\usoJanken\GameView.cpp(217,90): warning C4244:  'argument' : conversion de 'T' en 'float', perte possible de données
C:\Users\rlatbi\Desktop\2019\usoJANKEN\usoJankenTools\usoJankenTools\usoJanken\usoJanken\usoJanken\GameView.cpp(217,90): warning C4244:         with
C:\Users\rlatbi\Desktop\2019\usoJANKEN\usoJankenTools\usoJankenTools\usoJanken\usoJanken\usoJanken\GameView.cpp(217,90): warning C4244:         [
C:\Users\rlatbi\Desktop\2019\usoJANKEN\usoJankenTools\usoJankenTools\usoJanken\usoJanken\usoJanken\GameView.cpp(217,90): warning C4244:             T=int
C:\Users\rlatbi\Desktop\2019\usoJANKEN\usoJankenTools\usoJankenTools\usoJanken\usoJanken\usoJanken\GameView.cpp(217,90): warning C4244:         ]
C:\Users\rlatbi\Desktop\2019\usoJANKEN\usoJankenTools\usoJankenTools\usoJanken\usoJanken\usoJanken\GameView.cpp(217,72): warning C4244:  'argument' : conversion de 'T' en 'float', perte possible de données
C:\Users\rlatbi\Desktop\2019\usoJANKEN\usoJankenTools\usoJankenTools\usoJanken\usoJanken\usoJanken\GameView.cpp(217,72): warning C4244:         with
C:\Users\rlatbi\Desktop\2019\usoJANKEN\usoJankenTools\usoJankenTools\usoJanken\usoJanken\usoJanken\GameView.cpp(217,72): warning C4244:         [
C:\Users\rlatbi\Desktop\2019\usoJANKEN\usoJankenTools\usoJankenTools\usoJanken\usoJanken\usoJanken\GameView.cpp(217,72): warning C4244:             T=int
C:\Users\rlatbi\Desktop\2019\usoJANKEN\usoJankenTools\usoJankenTools\usoJanken\usoJanken\usoJanken\GameView.cpp(217,72): warning C4244:         ]
  GameController.cpp
C:\Users\rlatbi\Desktop\2019\usoJANKEN\usoJankenTools\usoJankenTools\usoJanken\usoJanken\usoJanken\GameView.cpp(218,28): warning C4390:  ';' : une instruction contrôlée a été trouvée vide ; est-ce ce que vous souhaitiez ?
C:\Users\rlatbi\Desktop\2019\usoJANKEN\usoJankenTools\usoJankenTools\usoJanken\usoJanken\usoJanken\Util.h(358,46): warning C4244:  '=' : conversion de 'double' en 'float', perte possible de données
C:\Users\rlatbi\Desktop\2019\usoJANKEN\usoJankenTools\usoJankenTools\usoJanken\usoJanken\usoJanken\Util.h(359,46): warning C4244:  '=' : conversion de 'double' en 'float', perte possible de données
C:\Users\rlatbi\Desktop\2019\usoJANKEN\usoJankenTools\usoJankenTools\usoJanken\usoJanken\usoJanken\Util.h(360,46): warning C4244:  '=' : conversion de 'double' en 'float', perte possible de données
C:\Users\rlatbi\Desktop\2019\usoJANKEN\usoJankenTools\usoJankenTools\usoJanken\usoJanken\usoJanken\GameController.cpp(88,24): warning C4018:  '>' : incompatibilité signed/unsigned
C:\Users\rlatbi\Desktop\2019\usoJANKEN\usoJankenTools\usoJankenTools\usoJanken\usoJanken\usoJanken\GameController.cpp(198,57): warning C4244:  '=' : conversion de 'float' en 'int', perte possible de données
C:\Users\rlatbi\Desktop\2019\usoJANKEN\usoJankenTools\usoJankenTools\usoJanken\usoJanken\usoJanken\GameController.cpp(252,45): warning C4244:  '=' : conversion de 'float' en 'T', perte possible de données
C:\Users\rlatbi\Desktop\2019\usoJANKEN\usoJankenTools\usoJankenTools\usoJanken\usoJanken\usoJanken\GameController.cpp(252,45): warning C4244:         with
C:\Users\rlatbi\Desktop\2019\usoJANKEN\usoJankenTools\usoJankenTools\usoJanken\usoJanken\usoJanken\GameController.cpp(252,45): warning C4244:         [
C:\Users\rlatbi\Desktop\2019\usoJANKEN\usoJankenTools\usoJankenTools\usoJanken\usoJanken\usoJanken\GameController.cpp(252,45): warning C4244:             T=int
C:\Users\rlatbi\Desktop\2019\usoJANKEN\usoJankenTools\usoJankenTools\usoJanken\usoJanken\usoJanken\GameController.cpp(252,45): warning C4244:         ]
C:\Users\rlatbi\Desktop\2019\usoJANKEN\usoJankenTools\usoJankenTools\usoJanken\usoJanken\usoJanken\GameController.cpp(253,46): warning C4244:  '=' : conversion de 'float' en 'T', perte possible de données
C:\Users\rlatbi\Desktop\2019\usoJANKEN\usoJankenTools\usoJankenTools\usoJanken\usoJanken\usoJanken\GameController.cpp(253,46): warning C4244:         with
C:\Users\rlatbi\Desktop\2019\usoJANKEN\usoJankenTools\usoJankenTools\usoJanken\usoJanken\usoJanken\GameController.cpp(253,46): warning C4244:         [
C:\Users\rlatbi\Desktop\2019\usoJANKEN\usoJankenTools\usoJankenTools\usoJanken\usoJanken\usoJanken\GameController.cpp(253,46): warning C4244:             T=int
C:\Users\rlatbi\Desktop\2019\usoJANKEN\usoJankenTools\usoJankenTools\usoJanken\usoJanken\usoJanken\GameController.cpp(253,46): warning C4244:         ]
C:\Users\rlatbi\Desktop\2019\usoJANKEN\usoJankenTools\usoJankenTools\usoJanken\usoJanken\usoJanken\GameController.cpp(315,20): warning C4244:  'initialisation' : conversion de 'unsigned int' en 'float', perte possible de données
C:\Users\rlatbi\Desktop\2019\usoJANKEN\usoJankenTools\usoJankenTools\usoJanken\usoJanken\usoJanken\GameController.cpp(324,20): warning C4244:  'initialisation' : conversion de 'unsigned int' en 'float', perte possible de données
  Toolbox.cpp
C:\Users\rlatbi\Desktop\2019\usoJANKEN\usoJankenTools\usoJankenTools\usoJanken\usoJanken\usoJanken\GameController.cpp(334,19): warning C4244:  'initialisation' : conversion de 'unsigned int' en 'float', perte possible de données
C:\Users\rlatbi\Desktop\2019\usoJANKEN\usoJankenTools\usoJankenTools\usoJanken\usoJanken\usoJanken\Toolbox.cpp(360,44): warning C4244:  '=' : conversion de 'double' en 'float', perte possible de données
C:\Users\rlatbi\Desktop\2019\usoJANKEN\usoJankenTools\usoJankenTools\usoJanken\usoJanken\usoJanken\Toolbox.cpp(361,44): warning C4244:  '=' : conversion de 'double' en 'float', perte possible de données
C:\Users\rlatbi\Desktop\2019\usoJANKEN\usoJankenTools\usoJankenTools\usoJanken\usoJanken\usoJanken\Toolbox.cpp(362,44): warning C4244:  '=' : conversion de 'double' en 'float', perte possible de données
  Génération de code en cours
C:\Users\rlatbi\Desktop\2019\usoJANKEN\usoJankenTools\usoJankenTools\usoJanken\usoJanken\usoJanken\Util.h(377): warning C4715: 'Util::aStar' : les chemins de contrôle ne retournent pas tous une valeur
  570 of 570 functions (100.0%) were compiled.
    55 functions were new in current compilation
    0 functions had inline decision re-evaluated but remain unchanged
  Fin de la génération du code
  usoJanken.vcxproj -> C:\Users\rlatbi\Desktop\2019\usoJANKEN\usoJankenTools\usoJankenTools\usoJanken\usoJanken\Release\usoJanken.exe
