sfml-graphics-s.lib(RenderWindow.cpp.obj) : error LNK2038: discordance dÚtectÚe pour '_ITERATOR_DEBUG_LEVEL'á: la valeur '0' ne correspond pas Ó la valeur '2' in main.obj
sfml-graphics-s.lib(RenderWindow.cpp.obj) : error LNK2038: discordance dÚtectÚe pour 'RuntimeLibrary'á: la valeur 'MD_DynamicRelease' ne correspond pas Ó la valeur 'MDd_DynamicDebug' in main.obj
sfml-graphics-s.lib(RenderTarget.cpp.obj) : error LNK2038: discordance dÚtectÚe pour '_ITERATOR_DEBUG_LEVEL'á: la valeur '0' ne correspond pas Ó la valeur '2' in main.obj
sfml-graphics-s.lib(RenderTarget.cpp.obj) : error LNK2038: discordance dÚtectÚe pour 'RuntimeLibrary'á: la valeur 'MD_DynamicRelease' ne correspond pas Ó la valeur 'MDd_DynamicDebug' in main.obj
sfml-graphics-s.lib(Texture.cpp.obj) : error LNK2038: discordance dÚtectÚe pour '_ITERATOR_DEBUG_LEVEL'á: la valeur '0' ne correspond pas Ó la valeur '2' in main.obj
sfml-graphics-s.lib(Texture.cpp.obj) : error LNK2038: discordance dÚtectÚe pour 'RuntimeLibrary'á: la valeur 'MD_DynamicRelease' ne correspond pas Ó la valeur 'MDd_DynamicDebug' in main.obj
sfml-graphics-s.lib(RenderTextureImplFBO.cpp.obj) : error LNK2038: discordance dÚtectÚe pour '_ITERATOR_DEBUG_LEVEL'á: la valeur '0' ne correspond pas Ó la valeur '2' in main.obj
sfml-graphics-s.lib(RenderTextureImplFBO.cpp.obj) : error LNK2038: discordance dÚtectÚe pour 'RuntimeLibrary'á: la valeur 'MD_DynamicRelease' ne correspond pas Ó la valeur 'MDd_DynamicDebug' in main.obj
sfml-graphics-s.lib(Transform.cpp.obj) : error LNK2038: discordance dÚtectÚe pour '_ITERATOR_DEBUG_LEVEL'á: la valeur '0' ne correspond pas Ó la valeur '2' in main.obj
sfml-graphics-s.lib(Transform.cpp.obj) : error LNK2038: discordance dÚtectÚe pour 'RuntimeLibrary'á: la valeur 'MD_DynamicRelease' ne correspond pas Ó la valeur 'MDd_DynamicDebug' in main.obj
sfml-graphics-s.lib(View.cpp.obj) : error LNK2038: discordance dÚtectÚe pour '_ITERATOR_DEBUG_LEVEL'á: la valeur '0' ne correspond pas Ó la valeur '2' in main.obj
sfml-graphics-s.lib(View.cpp.obj) : error LNK2038: discordance dÚtectÚe pour 'RuntimeLibrary'á: la valeur 'MD_DynamicRelease' ne correspond pas Ó la valeur 'MDd_DynamicDebug' in main.obj
sfml-graphics-s.lib(Shader.cpp.obj) : error LNK2038: discordance dÚtectÚe pour '_ITERATOR_DEBUG_LEVEL'á: la valeur '0' ne correspond pas Ó la valeur '2' in main.obj
sfml-graphics-s.lib(Shader.cpp.obj) : error LNK2038: discordance dÚtectÚe pour 'RuntimeLibrary'á: la valeur 'MD_DynamicRelease' ne correspond pas Ó la valeur 'MDd_DynamicDebug' in main.obj
sfml-graphics-s.lib(VertexBuffer.cpp.obj) : error LNK2038: discordance dÚtectÚe pour '_ITERATOR_DEBUG_LEVEL'á: la valeur '0' ne correspond pas Ó la valeur '2' in main.obj
sfml-graphics-s.lib(VertexBuffer.cpp.obj) : error LNK2038: discordance dÚtectÚe pour 'RuntimeLibrary'á: la valeur 'MD_DynamicRelease' ne correspond pas Ó la valeur 'MDd_DynamicDebug' in main.obj
sfml-graphics-s.lib(GLExtensions.cpp.obj) : error LNK2038: discordance dÚtectÚe pour '_ITERATOR_DEBUG_LEVEL'á: la valeur '0' ne correspond pas Ó la valeur '2' in main.obj
sfml-graphics-s.lib(GLExtensions.cpp.obj) : error LNK2038: discordance dÚtectÚe pour 'RuntimeLibrary'á: la valeur 'MD_DynamicRelease' ne correspond pas Ó la valeur 'MDd_DynamicDebug' in main.obj
sfml-graphics-s.lib(Image.cpp.obj) : error LNK2038: discordance dÚtectÚe pour '_ITERATOR_DEBUG_LEVEL'á: la valeur '0' ne correspond pas Ó la valeur '2' in main.obj
sfml-graphics-s.lib(Image.cpp.obj) : error LNK2038: discordance dÚtectÚe pour 'RuntimeLibrary'á: la valeur 'MD_DynamicRelease' ne correspond pas Ó la valeur 'MDd_DynamicDebug' in main.obj
sfml-graphics-s.lib(Color.cpp.obj) : error LNK2038: discordance dÚtectÚe pour '_ITERATOR_DEBUG_LEVEL'á: la valeur '0' ne correspond pas Ó la valeur '2' in main.obj
sfml-graphics-s.lib(Color.cpp.obj) : error LNK2038: discordance dÚtectÚe pour 'RuntimeLibrary'á: la valeur 'MD_DynamicRelease' ne correspond pas Ó la valeur 'MDd_DynamicDebug' in main.obj
sfml-graphics-s.lib(Glsl.cpp.obj) : error LNK2038: discordance dÚtectÚe pour '_ITERATOR_DEBUG_LEVEL'á: la valeur '0' ne correspond pas Ó la valeur '2' in main.obj
sfml-graphics-s.lib(Glsl.cpp.obj) : error LNK2038: discordance dÚtectÚe pour 'RuntimeLibrary'á: la valeur 'MD_DynamicRelease' ne correspond pas Ó la valeur 'MDd_DynamicDebug' in main.obj
sfml-graphics-s.lib(ImageLoader.cpp.obj) : error LNK2038: discordance dÚtectÚe pour '_ITERATOR_DEBUG_LEVEL'á: la valeur '0' ne correspond pas Ó la valeur '2' in main.obj
sfml-graphics-s.lib(ImageLoader.cpp.obj) : error LNK2038: discordance dÚtectÚe pour 'RuntimeLibrary'á: la valeur 'MD_DynamicRelease' ne correspond pas Ó la valeur 'MDd_DynamicDebug' in main.obj
sfml-window-s.lib(VideoMode.cpp.obj) : error LNK2038: discordance dÚtectÚe pour '_ITERATOR_DEBUG_LEVEL'á: la valeur '0' ne correspond pas Ó la valeur '2' in main.obj
sfml-window-s.lib(VideoMode.cpp.obj) : error LNK2038: discordance dÚtectÚe pour 'RuntimeLibrary'á: la valeur 'MD_DynamicRelease' ne correspond pas Ó la valeur 'MDd_DynamicDebug' in main.obj
sfml-window-s.lib(Window.cpp.obj) : error LNK2038: discordance dÚtectÚe pour '_ITERATOR_DEBUG_LEVEL'á: la valeur '0' ne correspond pas Ó la valeur '2' in main.obj
sfml-window-s.lib(Window.cpp.obj) : error LNK2038: discordance dÚtectÚe pour 'RuntimeLibrary'á: la valeur 'MD_DynamicRelease' ne correspond pas Ó la valeur 'MDd_DynamicDebug' in main.obj
sfml-window-s.lib(VideoModeImpl.cpp.obj) : error LNK2038: discordance dÚtectÚe pour '_ITERATOR_DEBUG_LEVEL'á: la valeur '0' ne correspond pas Ó la valeur '2' in main.obj
sfml-window-s.lib(VideoModeImpl.cpp.obj) : error LNK2038: discordance dÚtectÚe pour 'RuntimeLibrary'á: la valeur 'MD_DynamicRelease' ne correspond pas Ó la valeur 'MDd_DynamicDebug' in main.obj
sfml-window-s.lib(GlContext.cpp.obj) : error LNK2038: discordance dÚtectÚe pour '_ITERATOR_DEBUG_LEVEL'á: la valeur '0' ne correspond pas Ó la valeur '2' in main.obj
sfml-window-s.lib(GlContext.cpp.obj) : error LNK2038: discordance dÚtectÚe pour 'RuntimeLibrary'á: la valeur 'MD_DynamicRelease' ne correspond pas Ó la valeur 'MDd_DynamicDebug' in main.obj
sfml-window-s.lib(WindowImpl.cpp.obj) : error LNK2038: discordance dÚtectÚe pour '_ITERATOR_DEBUG_LEVEL'á: la valeur '0' ne correspond pas Ó la valeur '2' in main.obj
sfml-window-s.lib(WindowImpl.cpp.obj) : error LNK2038: discordance dÚtectÚe pour 'RuntimeLibrary'á: la valeur 'MD_DynamicRelease' ne correspond pas Ó la valeur 'MDd_DynamicDebug' in main.obj
sfml-window-s.lib(CursorImpl.cpp.obj) : error LNK2038: discordance dÚtectÚe pour '_ITERATOR_DEBUG_LEVEL'á: la valeur '0' ne correspond pas Ó la valeur '2' in main.obj
sfml-window-s.lib(CursorImpl.cpp.obj) : error LNK2038: discordance dÚtectÚe pour 'RuntimeLibrary'á: la valeur 'MD_DynamicRelease' ne correspond pas Ó la valeur 'MDd_DynamicDebug' in main.obj
sfml-window-s.lib(WglContext.cpp.obj) : error LNK2038: discordance dÚtectÚe pour '_ITERATOR_DEBUG_LEVEL'á: la valeur '0' ne correspond pas Ó la valeur '2' in main.obj
sfml-window-s.lib(WglContext.cpp.obj) : error LNK2038: discordance dÚtectÚe pour 'RuntimeLibrary'á: la valeur 'MD_DynamicRelease' ne correspond pas Ó la valeur 'MDd_DynamicDebug' in main.obj
sfml-window-s.lib(JoystickManager.cpp.obj) : error LNK2038: discordance dÚtectÚe pour '_ITERATOR_DEBUG_LEVEL'á: la valeur '0' ne correspond pas Ó la valeur '2' in main.obj
sfml-window-s.lib(JoystickManager.cpp.obj) : error LNK2038: discordance dÚtectÚe pour 'RuntimeLibrary'á: la valeur 'MD_DynamicRelease' ne correspond pas Ó la valeur 'MDd_DynamicDebug' in main.obj
sfml-window-s.lib(SensorManager.cpp.obj) : error LNK2038: discordance dÚtectÚe pour '_ITERATOR_DEBUG_LEVEL'á: la valeur '0' ne correspond pas Ó la valeur '2' in main.obj
sfml-window-s.lib(SensorManager.cpp.obj) : error LNK2038: discordance dÚtectÚe pour 'RuntimeLibrary'á: la valeur 'MD_DynamicRelease' ne correspond pas Ó la valeur 'MDd_DynamicDebug' in main.obj
sfml-window-s.lib(WindowImplWin32.cpp.obj) : error LNK2038: discordance dÚtectÚe pour '_ITERATOR_DEBUG_LEVEL'á: la valeur '0' ne correspond pas Ó la valeur '2' in main.obj
sfml-window-s.lib(WindowImplWin32.cpp.obj) : error LNK2038: discordance dÚtectÚe pour 'RuntimeLibrary'á: la valeur 'MD_DynamicRelease' ne correspond pas Ó la valeur 'MDd_DynamicDebug' in main.obj
sfml-window-s.lib(WglExtensions.cpp.obj) : error LNK2038: discordance dÚtectÚe pour '_ITERATOR_DEBUG_LEVEL'á: la valeur '0' ne correspond pas Ó la valeur '2' in main.obj
sfml-window-s.lib(WglExtensions.cpp.obj) : error LNK2038: discordance dÚtectÚe pour 'RuntimeLibrary'á: la valeur 'MD_DynamicRelease' ne correspond pas Ó la valeur 'MDd_DynamicDebug' in main.obj
sfml-window-s.lib(Joystick.cpp.obj) : error LNK2038: discordance dÚtectÚe pour '_ITERATOR_DEBUG_LEVEL'á: la valeur '0' ne correspond pas Ó la valeur '2' in main.obj
sfml-window-s.lib(Joystick.cpp.obj) : error LNK2038: discordance dÚtectÚe pour 'RuntimeLibrary'á: la valeur 'MD_DynamicRelease' ne correspond pas Ó la valeur 'MDd_DynamicDebug' in main.obj
sfml-window-s.lib(JoystickImpl.cpp.obj) : error LNK2038: discordance dÚtectÚe pour '_ITERATOR_DEBUG_LEVEL'á: la valeur '0' ne correspond pas Ó la valeur '2' in main.obj
sfml-window-s.lib(JoystickImpl.cpp.obj) : error LNK2038: discordance dÚtectÚe pour 'RuntimeLibrary'á: la valeur 'MD_DynamicRelease' ne correspond pas Ó la valeur 'MDd_DynamicDebug' in main.obj
sfml-system-s.lib(String.cpp.obj) : error LNK2038: discordance dÚtectÚe pour '_ITERATOR_DEBUG_LEVEL'á: la valeur '0' ne correspond pas Ó la valeur '2' in main.obj
sfml-system-s.lib(String.cpp.obj) : error LNK2038: discordance dÚtectÚe pour 'RuntimeLibrary'á: la valeur 'MD_DynamicRelease' ne correspond pas Ó la valeur 'MDd_DynamicDebug' in main.obj
sfml-system-s.lib(Err.cpp.obj) : error LNK2038: discordance dÚtectÚe pour '_ITERATOR_DEBUG_LEVEL'á: la valeur '0' ne correspond pas Ó la valeur '2' in main.obj
sfml-system-s.lib(Err.cpp.obj) : error LNK2038: discordance dÚtectÚe pour 'RuntimeLibrary'á: la valeur 'MD_DynamicRelease' ne correspond pas Ó la valeur 'MDd_DynamicDebug' in main.obj
LINK : warning LNK4098: conflit entre la bibliothÞque par dÚfaut 'MSVCRT' et les autres bibliothÞquesá; utilisez /NODEFAULTLIB:library
C:\Users\rlatbi\Desktop\2019\usoJanken\usoJanken\Debug\usoJanken.exe : fatal error LNK1319: 56 discordances dÚtectÚes
